<?xml version="1.0" encoding="UTF-8"?>
<testng-results skipped="0" failed="0" total="1" passed="1">
  <reporter-output>
  </reporter-output>
  <suite name="Surefire suite" duration-ms="4" started-at="2018-07-19T04:52:42Z" finished-at="2018-07-19T04:52:42Z">
    <groups>
    </groups>
    <test name="Surefire test" duration-ms="4" started-at="2018-07-19T04:52:42Z" finished-at="2018-07-19T04:52:42Z">
      <class name="com.qainfotech.in.HelloWorld.AppTest">
        <test-method status="PASS" signature="testApp()[pri:0, instance:testApp(com.qainfotech.in.HelloWorld.AppTest)]" name="testApp" duration-ms="1" started-at="2018-07-19T10:22:42Z" finished-at="2018-07-19T10:22:42Z">
          <reporter-output>
          </reporter-output>
        </test-method> <!-- testApp -->
      </class> <!-- com.qainfotech.in.HelloWorld.AppTest -->
    </test> <!-- Surefire test -->
  </suite> <!-- Surefire suite -->
</testng-results>
