<?xml version="1.0" encoding="UTF-8"?>
<testng-results skipped="0" failed="0" total="1" passed="1">
  <reporter-output>
  </reporter-output>
  <suite name="Surefire suite" duration-ms="6738" started-at="2018-07-19T04:52:35Z" finished-at="2018-07-19T04:52:41Z">
    <groups>
    </groups>
    <test name="Surefire test" duration-ms="6738" started-at="2018-07-19T04:52:35Z" finished-at="2018-07-19T04:52:41Z">
      <class name="com.qainfotech.in.HelloWorld.NewTest">
        <test-method status="PASS" signature="Krishna()[pri:0, instance:com.qainfotech.in.HelloWorld.NewTest@7cf10a6f]" name="Krishna" duration-ms="6731" started-at="2018-07-19T10:22:35Z" finished-at="2018-07-19T10:22:41Z">
          <reporter-output>
          </reporter-output>
        </test-method> <!-- Krishna -->
      </class> <!-- com.qainfotech.in.HelloWorld.NewTest -->
    </test> <!-- Surefire test -->
  </suite> <!-- Surefire suite -->
</testng-results>
