<?xml version="1.0" encoding="UTF-8"?>
<testng-results skipped="0" failed="0" ignored="0" total="1" passed="1">
  <reporter-output>
  </reporter-output>
  <suite name="Default suite" duration-ms="4355" started-at="2019-01-22T11:40:13Z" finished-at="2019-01-22T11:40:17Z">
    <groups>
    </groups>
    <test name="Default test" duration-ms="4355" started-at="2019-01-22T11:40:13Z" finished-at="2019-01-22T11:40:17Z">
      <class name="com.qainfotech.in.HelloWorld.KrishnaSeleniumGrid">
        <test-method status="PASS" signature="SetUp()[pri:0, instance:com.qainfotech.in.HelloWorld.KrishnaSeleniumGrid@6a4f787b]" name="SetUp" is-config="true" duration-ms="986" started-at="2019-01-22T11:40:13Z" finished-at="2019-01-22T11:40:14Z">
          <reporter-output>
          </reporter-output>
        </test-method> <!-- SetUp -->
        <test-method status="PASS" signature="LaunchApplication()[pri:0, instance:com.qainfotech.in.HelloWorld.KrishnaSeleniumGrid@6a4f787b]" name="LaunchApplication" duration-ms="3177" started-at="2019-01-22T11:40:14Z" finished-at="2019-01-22T11:40:17Z">
          <reporter-output>
          </reporter-output>
        </test-method> <!-- LaunchApplication -->
        <test-method status="PASS" signature="closeBrowser()[pri:0, instance:com.qainfotech.in.HelloWorld.KrishnaSeleniumGrid@6a4f787b]" name="closeBrowser" is-config="true" duration-ms="171" started-at="2019-01-22T11:40:17Z" finished-at="2019-01-22T11:40:17Z">
          <reporter-output>
          </reporter-output>
        </test-method> <!-- closeBrowser -->
      </class> <!-- com.qainfotech.in.HelloWorld.KrishnaSeleniumGrid -->
    </test> <!-- Default test -->
  </suite> <!-- Default suite -->
</testng-results>
